30-Jan-24 16:23:16 - analyze_viz.py - INFO - "
  howwasday:	0.0"
  expectday:	0.0"
  sleep:	0.0"
  withw:	0.0"
  where:	0.0"
  Openness:	0.0"
  Neuroticism:	0.0"
  Conscientiousness:	0.0"
  what:	0.0"
  Extraversion:	0.0"
  cohort:	0.0"
  Agreeableness:	0.0"
  department:	0.0"
  nationality:	0.0"
  gender:	0.0"
  hour:	0.0"
  sin_hour:	0.0"
  cos_hour:	0.0"
  location:	0.0"
  app_nunique:	0.0"
  week:	0.0"
  app_category_nunique:	0.0"
  uniproblem:	0.0"
  app_productivity_and_admin:	0.0"
  app_internet_and_social_media:	0.0"
  app_other:	0.0"
  day_period_night:	0.0"
  app_entropy_basic:	0.0"
  degree:	0.0"
  day_period_morning:	0.0"
  day_period_evening:	0.0"
  day_period_noon:	0.0"
  app_games:	0.0"
  app_media:	0.0"
  first2w:	0.0"
  app_food_and_drink:	0.0"
  app_maps_and_travel:	0.0"
  app_health:	0.0001"
  app_shopping:	0.018"
  notification_removed:	0.6162"
  notification_posted:	0.8447
30-Jan-24 16:23:16 - analyze_viz.py - INFO - distribution_gender.png
30-Jan-24 16:23:16 - analyze_viz.py - INFO - distribution_gender_by_mood.png
30-Jan-24 16:23:16 - analyze_viz.py - INFO - distribution_degree.png
30-Jan-24 16:23:16 - analyze_viz.py - INFO - notification_distribution_hour_all.png
